<?xml version="1.0" encoding="UTF-8"?>
<testsuite name="com.theironyard.IronQuotesApplicationTests" tests="1" skipped="0" failures="0" errors="0" timestamp="2016-08-03T06:13:27" hostname="Valeries-MacBook-Pro.local" time="0.013">
  <properties/>
  <testcase name="contextLoads" classname="com.theironyard.IronQuotesApplicationTests" time="0.013"/>
  <system-out><![CDATA[23:13:22.532 [Test worker] DEBUG org.springframework.test.context.junit4.SpringJUnit4ClassRunner - SpringJUnit4ClassRunner constructor called with [class com.theironyard.IronQuotesApplicationTests]
23:13:22.536 [Test worker] DEBUG org.springframework.test.context.BootstrapUtils - Instantiating CacheAwareContextLoaderDelegate from class [org.springframework.test.context.cache.DefaultCacheAwareContextLoaderDelegate]
23:13:22.541 [Test worker] DEBUG org.springframework.test.context.BootstrapUtils - Instantiating BootstrapContext using constructor [public org.springframework.test.context.support.DefaultBootstrapContext(java.lang.Class,org.springframework.test.context.CacheAwareContextLoaderDelegate)]
23:13:22.553 [Test worker] DEBUG org.springframework.test.context.BootstrapUtils - Instantiating TestContextBootstrapper for test class [com.theironyard.IronQuotesApplicationTests] from class [org.springframework.boot.test.context.SpringBootTestContextBootstrapper]
23:13:22.561 [Test worker] INFO org.springframework.boot.test.context.SpringBootTestContextBootstrapper - Neither @ContextConfiguration nor @ContextHierarchy found for test class [com.theironyard.IronQuotesApplicationTests], using SpringBootContextLoader
23:13:22.563 [Test worker] DEBUG org.springframework.test.context.support.AbstractContextLoader - Did not detect default resource location for test class [com.theironyard.IronQuotesApplicationTests]: class path resource [com/theironyard/IronQuotesApplicationTests-context.xml] does not exist
23:13:22.564 [Test worker] DEBUG org.springframework.test.context.support.AbstractContextLoader - Did not detect default resource location for test class [com.theironyard.IronQuotesApplicationTests]: class path resource [com/theironyard/IronQuotesApplicationTestsContext.groovy] does not exist
23:13:22.564 [Test worker] INFO org.springframework.test.context.support.AbstractContextLoader - Could not detect default resource locations for test class [com.theironyard.IronQuotesApplicationTests]: no resource found for suffixes {-context.xml, Context.groovy}.
23:13:22.564 [Test worker] INFO org.springframework.test.context.support.AnnotationConfigContextLoaderUtils - Could not detect default configuration classes for test class [com.theironyard.IronQuotesApplicationTests]: IronQuotesApplicationTests does not declare any static, non-private, non-final, nested classes annotated with @Configuration.
23:13:22.589 [Test worker] DEBUG org.springframework.test.context.support.ActiveProfilesUtils - Could not find an 'annotation declaring class' for annotation type [org.springframework.test.context.ActiveProfiles] and class [com.theironyard.IronQuotesApplicationTests]
23:13:22.617 [Test worker] DEBUG org.springframework.core.env.StandardEnvironment - Adding [systemProperties] PropertySource with lowest search precedence
23:13:22.618 [Test worker] DEBUG org.springframework.core.env.StandardEnvironment - Adding [systemEnvironment] PropertySource with lowest search precedence
23:13:22.618 [Test worker] DEBUG org.springframework.core.env.StandardEnvironment - Initialized StandardEnvironment with PropertySources [systemProperties,systemEnvironment]
23:13:22.625 [Test worker] DEBUG org.springframework.core.io.support.PathMatchingResourcePatternResolver - Resolved classpath location [com/theironyard/] to resources [URL [file:/Users/vasantia/sandbox/iron-quotes-part-2/build/classes/test/com/theironyard/], URL [file:/Users/vasantia/sandbox/iron-quotes-part-2/build/classes/main/com/theironyard/]]
23:13:22.625 [Test worker] DEBUG org.springframework.core.io.support.PathMatchingResourcePatternResolver - Looking for matching resources in directory tree [/Users/vasantia/sandbox/iron-quotes-part-2/build/classes/test/com/theironyard]
23:13:22.626 [Test worker] DEBUG org.springframework.core.io.support.PathMatchingResourcePatternResolver - Searching directory [/Users/vasantia/sandbox/iron-quotes-part-2/build/classes/test/com/theironyard] for files matching pattern [/Users/vasantia/sandbox/iron-quotes-part-2/build/classes/test/com/theironyard/*.class]
23:13:22.628 [Test worker] DEBUG org.springframework.core.io.support.PathMatchingResourcePatternResolver - Looking for matching resources in directory tree [/Users/vasantia/sandbox/iron-quotes-part-2/build/classes/main/com/theironyard]
23:13:22.628 [Test worker] DEBUG org.springframework.core.io.support.PathMatchingResourcePatternResolver - Searching directory [/Users/vasantia/sandbox/iron-quotes-part-2/build/classes/main/com/theironyard] for files matching pattern [/Users/vasantia/sandbox/iron-quotes-part-2/build/classes/main/com/theironyard/*.class]
23:13:22.629 [Test worker] DEBUG org.springframework.core.io.support.PathMatchingResourcePatternResolver - Resolved location pattern [classpath*:com/theironyard/*.class] to resources [file [/Users/vasantia/sandbox/iron-quotes-part-2/build/classes/test/com/theironyard/IronQuotesApplicationTests.class], file [/Users/vasantia/sandbox/iron-quotes-part-2/build/classes/main/com/theironyard/IronQuotesApplication.class]]
23:13:22.660 [Test worker] DEBUG org.springframework.context.annotation.ClassPathScanningCandidateComponentProvider - Identified candidate component class: file [/Users/vasantia/sandbox/iron-quotes-part-2/build/classes/main/com/theironyard/IronQuotesApplication.class]
23:13:22.660 [Test worker] INFO org.springframework.boot.test.context.SpringBootTestContextBootstrapper - Found @SpringBootConfiguration com.theironyard.IronQuotesApplication for test class com.theironyard.IronQuotesApplicationTests
23:13:22.664 [Test worker] DEBUG org.springframework.boot.test.context.SpringBootTestContextBootstrapper - @TestExecutionListeners is not present for class [com.theironyard.IronQuotesApplicationTests]: using defaults.
23:13:22.666 [Test worker] INFO org.springframework.boot.test.context.SpringBootTestContextBootstrapper - Loaded default TestExecutionListener class names from location [META-INF/spring.factories]: [org.springframework.boot.test.mock.mockito.MockitoTestExecutionListener, org.springframework.boot.test.mock.mockito.ResetMocksTestExecutionListener, org.springframework.boot.test.autoconfigure.AutoConfigureReportTestExecutionListener, org.springframework.boot.test.autoconfigure.restdocs.RestDocsTestExecutionListener, org.springframework.boot.test.autoconfigure.web.client.MockRestServiceServerResetTestExecutionListener, org.springframework.test.context.web.ServletTestExecutionListener, org.springframework.test.context.support.DirtiesContextBeforeModesTestExecutionListener, org.springframework.test.context.support.DependencyInjectionTestExecutionListener, org.springframework.test.context.support.DirtiesContextTestExecutionListener, org.springframework.test.context.transaction.TransactionalTestExecutionListener, org.springframework.test.context.jdbc.SqlScriptsTestExecutionListener]
23:13:22.677 [Test worker] INFO org.springframework.boot.test.context.SpringBootTestContextBootstrapper - Using TestExecutionListeners: [org.springframework.test.context.web.ServletTestExecutionListener@ab6a3a, org.springframework.test.context.support.DirtiesContextBeforeModesTestExecutionListener@714cf6cc, org.springframework.boot.test.autoconfigure.AutoConfigureReportTestExecutionListener@1d198458, org.springframework.test.context.support.DependencyInjectionTestExecutionListener@4318e751, org.springframework.test.context.support.DirtiesContextTestExecutionListener@1839bfb2, org.springframework.test.context.transaction.TransactionalTestExecutionListener@ed5d0ef, org.springframework.test.context.jdbc.SqlScriptsTestExecutionListener@5f3fae29, org.springframework.boot.test.mock.mockito.ResetMocksTestExecutionListener@5b19f8f0, org.springframework.boot.test.mock.mockito.MockitoTestExecutionListener@e08080e, org.springframework.boot.test.autoconfigure.restdocs.RestDocsTestExecutionListener@2efaf388, org.springframework.boot.test.autoconfigure.web.client.MockRestServiceServerResetTestExecutionListener@c964e98]
23:13:22.680 [Test worker] DEBUG org.springframework.test.annotation.ProfileValueUtils - Retrieved @ProfileValueSourceConfiguration [null] for test class [com.theironyard.IronQuotesApplicationTests]
23:13:22.680 [Test worker] DEBUG org.springframework.test.annotation.ProfileValueUtils - Retrieved ProfileValueSource type [class org.springframework.test.annotation.SystemProfileValueSource] for class [com.theironyard.IronQuotesApplicationTests]
23:13:22.681 [Test worker] DEBUG org.springframework.test.annotation.ProfileValueUtils - Retrieved @ProfileValueSourceConfiguration [null] for test class [com.theironyard.IronQuotesApplicationTests]
23:13:22.681 [Test worker] DEBUG org.springframework.test.annotation.ProfileValueUtils - Retrieved ProfileValueSource type [class org.springframework.test.annotation.SystemProfileValueSource] for class [com.theironyard.IronQuotesApplicationTests]
23:13:22.684 [Test worker] DEBUG org.springframework.test.context.support.AbstractDirtiesContextTestExecutionListener - Before test class: context [DefaultTestContext@762a0c9 testClass = IronQuotesApplicationTests, testInstance = [null], testMethod = [null], testException = [null], mergedContextConfiguration = [WebMergedContextConfiguration@49a4cbca testClass = IronQuotesApplicationTests, locations = '{}', classes = '{class com.theironyard.IronQuotesApplication}', contextInitializerClasses = '[]', activeProfiles = '{}', propertySourceLocations = '{}', propertySourceProperties = '{org.springframework.boot.test.context.SpringBootTestContextBootstrapper=true}', contextCustomizers = set[org.springframework.boot.test.context.SpringBootTestContextCustomizer@8f2fba6, org.springframework.boot.test.context.filter.ExcludeFilterContextCustomizer@773af480, org.springframework.boot.test.mock.mockito.MockitoContextCustomizer@0, org.springframework.boot.test.autoconfigure.properties.PropertyMappingContextCustomizer@0], resourceBasePath = 'src/main/webapp', contextLoader = 'org.springframework.boot.test.context.SpringBootContextLoader', parent = [null]]], class annotated with @DirtiesContext [false] with mode [null].
23:13:22.685 [Test worker] DEBUG org.springframework.test.annotation.ProfileValueUtils - Retrieved @ProfileValueSourceConfiguration [null] for test class [com.theironyard.IronQuotesApplicationTests]
23:13:22.685 [Test worker] DEBUG org.springframework.test.annotation.ProfileValueUtils - Retrieved ProfileValueSource type [class org.springframework.test.annotation.SystemProfileValueSource] for class [com.theironyard.IronQuotesApplicationTests]
23:13:22.705 [Test worker] DEBUG org.springframework.core.env.StandardEnvironment - Adding [systemProperties] PropertySource with lowest search precedence
23:13:22.706 [Test worker] DEBUG org.springframework.core.env.StandardEnvironment - Adding [systemEnvironment] PropertySource with lowest search precedence
23:13:22.706 [Test worker] DEBUG org.springframework.core.env.StandardEnvironment - Initialized StandardEnvironment with PropertySources [systemProperties,systemEnvironment]
23:13:22.706 [Test worker] DEBUG org.springframework.test.context.support.TestPropertySourceUtils - Adding inlined properties to environment: {spring.jmx.enabled=false, org.springframework.boot.test.context.SpringBootTestContextBootstrapper=true, server.port=-1}
23:13:22.707 [Test worker] DEBUG org.springframework.core.env.StandardEnvironment - Adding [Inlined Test Properties] PropertySource with highest search precedence

  .   ____          _            __ _ _
 /\\ / ___'_ __ _ _(_)_ __  __ _ \ \ \ \
( ( )\___ | '_ | '_| | '_ \/ _` | \ \ \ \
 \\/  ___)| |_)| | | | | || (_| |  ) ) ) )
  '  |____| .__|_| |_|_| |_\__, | / / / /
 =========|_|==============|___/=/_/_/_/
 :: Spring Boot ::        (v1.4.0.RELEASE)

2016-08-02 23:13:23.252  INFO 10139 --- [    Test worker] c.t.IronQuotesApplicationTests           : Starting IronQuotesApplicationTests on Valeries-MacBook-Pro.local with PID 10139 (started by vasantia in /Users/vasantia/sandbox/iron-quotes-part-2)
2016-08-02 23:13:23.253  INFO 10139 --- [    Test worker] c.t.IronQuotesApplicationTests           : No active profile set, falling back to default profiles: default
2016-08-02 23:13:23.293  INFO 10139 --- [    Test worker] o.s.w.c.s.GenericWebApplicationContext   : Refreshing org.springframework.web.context.support.GenericWebApplicationContext@76e90eec: startup date [Tue Aug 02 23:13:23 PDT 2016]; root of context hierarchy
2016-08-02 23:13:24.876  INFO 10139 --- [    Test worker] trationDelegate$BeanPostProcessorChecker : Bean 'org.springframework.transaction.annotation.ProxyTransactionManagementConfiguration' of type [class org.springframework.transaction.annotation.ProxyTransactionManagementConfiguration$$EnhancerBySpringCGLIB$$be30612b] is not eligible for getting processed by all BeanPostProcessors (for example: not eligible for auto-proxying)
2016-08-02 23:13:25.464  INFO 10139 --- [    Test worker] j.LocalContainerEntityManagerFactoryBean : Building JPA container EntityManagerFactory for persistence unit 'default'
2016-08-02 23:13:25.485  INFO 10139 --- [    Test worker] o.hibernate.jpa.internal.util.LogHelper  : HHH000204: Processing PersistenceUnitInfo [
	name: default
	...]
2016-08-02 23:13:25.604  INFO 10139 --- [    Test worker] org.hibernate.Version                    : HHH000412: Hibernate Core {5.0.9.Final}
2016-08-02 23:13:25.605  INFO 10139 --- [    Test worker] org.hibernate.cfg.Environment            : HHH000206: hibernate.properties not found
2016-08-02 23:13:25.607  INFO 10139 --- [    Test worker] org.hibernate.cfg.Environment            : HHH000021: Bytecode provider name : javassist
2016-08-02 23:13:25.656  INFO 10139 --- [    Test worker] o.hibernate.annotations.common.Version   : HCANN000001: Hibernate Commons Annotations {5.0.1.Final}
2016-08-02 23:13:25.805  INFO 10139 --- [    Test worker] org.hibernate.dialect.Dialect            : HHH000400: Using dialect: org.hibernate.dialect.H2Dialect
2016-08-02 23:13:26.320  INFO 10139 --- [    Test worker] org.hibernate.tool.hbm2ddl.SchemaExport  : HHH000227: Running hbm2ddl schema export
2016-08-02 23:13:26.336  INFO 10139 --- [    Test worker] org.hibernate.tool.hbm2ddl.SchemaExport  : HHH000230: Schema export complete
2016-08-02 23:13:26.367  INFO 10139 --- [    Test worker] j.LocalContainerEntityManagerFactoryBean : Initialized JPA EntityManagerFactory for persistence unit 'default'
2016-08-02 23:13:26.955  INFO 10139 --- [    Test worker] s.w.s.m.m.a.RequestMappingHandlerAdapter : Looking for @ControllerAdvice: org.springframework.web.context.support.GenericWebApplicationContext@76e90eec: startup date [Tue Aug 02 23:13:23 PDT 2016]; root of context hierarchy
2016-08-02 23:13:27.004  INFO 10139 --- [    Test worker] s.w.s.m.m.a.RequestMappingHandlerMapping : Mapped "{[/create],methods=[POST]}" onto public com.theironyard.entities.Quote com.theironyard.controllers.IronQuotesController.create(com.theironyard.entities.Quote,java.lang.String) throws java.io.IOException
2016-08-02 23:13:27.004  INFO 10139 --- [    Test worker] s.w.s.m.m.a.RequestMappingHandlerMapping : Mapped "{[/token],methods=[POST]}" onto public java.util.Map com.theironyard.controllers.IronQuotesController.getToken(com.theironyard.command.UserCommand) throws java.lang.Exception
2016-08-02 23:13:27.005  INFO 10139 --- [    Test worker] s.w.s.m.m.a.RequestMappingHandlerMapping : Mapped "{[/users],methods=[POST]}" onto public com.theironyard.entities.User com.theironyard.controllers.IronQuotesController.createUser(com.theironyard.command.UserCommand) throws com.theironyard.utilities.PasswordStorage$CannotPerformOperationException,com.theironyard.utilities.PasswordStorage$InvalidHashException
2016-08-02 23:13:27.005  INFO 10139 --- [    Test worker] s.w.s.m.m.a.RequestMappingHandlerMapping : Mapped "{[/token/regenerate],methods=[PUT]}" onto public java.util.Map com.theironyard.controllers.IronQuotesController.regenerateToken(com.theironyard.command.UserCommand) throws java.lang.Exception
2016-08-02 23:13:27.005  INFO 10139 --- [    Test worker] s.w.s.m.m.a.RequestMappingHandlerMapping : Mapped "{[/quotes/{id}/tags],methods=[POST]}" onto public com.theironyard.entities.Quote com.theironyard.controllers.IronQuotesController.addTag(int,com.theironyard.command.TagCommand) throws java.lang.Exception
2016-08-02 23:13:27.005  INFO 10139 --- [    Test worker] s.w.s.m.m.a.RequestMappingHandlerMapping : Mapped "{[/quotes],methods=[GET]}" onto public java.util.List<com.theironyard.entities.Quote> com.theironyard.controllers.IronQuotesController.showQuotes()
2016-08-02 23:13:27.005  INFO 10139 --- [    Test worker] s.w.s.m.m.a.RequestMappingHandlerMapping : Mapped "{[/tags],methods=[GET]}" onto public java.util.List<com.theironyard.entities.Tag> com.theironyard.controllers.IronQuotesController.showTags()
2016-08-02 23:13:27.006  INFO 10139 --- [    Test worker] s.w.s.m.m.a.RequestMappingHandlerMapping : Mapped "{[/users],methods=[GET]}" onto public java.util.List<com.theironyard.entities.User> com.theironyard.controllers.IronQuotesController.showUsers()
2016-08-02 23:13:27.006  INFO 10139 --- [    Test worker] s.w.s.m.m.a.RequestMappingHandlerMapping : Mapped "{[/update/quotes/{id}],methods=[PUT]}" onto public com.theironyard.entities.Quote com.theironyard.controllers.IronQuotesController.updateQuote(int,com.theironyard.command.QuoteCommand) throws java.lang.Exception
2016-08-02 23:13:27.006  INFO 10139 --- [    Test worker] s.w.s.m.m.a.RequestMappingHandlerMapping : Mapped "{[/update/tags/{id}],methods=[PUT]}" onto public com.theironyard.entities.Tag com.theironyard.controllers.IronQuotesController.updateTag(int,com.theironyard.command.TagCommand) throws java.lang.Exception
2016-08-02 23:13:27.006  INFO 10139 --- [    Test worker] s.w.s.m.m.a.RequestMappingHandlerMapping : Mapped "{[/delete/quotes/{id}],methods=[DELETE]}" onto public void com.theironyard.controllers.IronQuotesController.deleteQuote(int) throws java.lang.Exception
2016-08-02 23:13:27.006  INFO 10139 --- [    Test worker] s.w.s.m.m.a.RequestMappingHandlerMapping : Mapped "{[/delete/tags/{id}],methods=[DELETE]}" onto public void com.theironyard.controllers.IronQuotesController.deleteTags(int) throws java.lang.Exception
2016-08-02 23:13:27.008  INFO 10139 --- [    Test worker] s.w.s.m.m.a.RequestMappingHandlerMapping : Mapped "{[/error]}" onto public org.springframework.http.ResponseEntity<java.util.Map<java.lang.String, java.lang.Object>> org.springframework.boot.autoconfigure.web.BasicErrorController.error(javax.servlet.http.HttpServletRequest)
2016-08-02 23:13:27.008  INFO 10139 --- [    Test worker] s.w.s.m.m.a.RequestMappingHandlerMapping : Mapped "{[/error],produces=[text/html]}" onto public org.springframework.web.servlet.ModelAndView org.springframework.boot.autoconfigure.web.BasicErrorController.errorHtml(javax.servlet.http.HttpServletRequest,javax.servlet.http.HttpServletResponse)
2016-08-02 23:13:27.030  INFO 10139 --- [    Test worker] o.s.w.s.handler.SimpleUrlHandlerMapping  : Mapped URL path [/webjars/**] onto handler of type [class org.springframework.web.servlet.resource.ResourceHttpRequestHandler]
2016-08-02 23:13:27.030  INFO 10139 --- [    Test worker] o.s.w.s.handler.SimpleUrlHandlerMapping  : Mapped URL path [/**] onto handler of type [class org.springframework.web.servlet.resource.ResourceHttpRequestHandler]
2016-08-02 23:13:27.057  INFO 10139 --- [    Test worker] o.s.w.s.handler.SimpleUrlHandlerMapping  : Mapped URL path [/**/favicon.ico] onto handler of type [class org.springframework.web.servlet.resource.ResourceHttpRequestHandler]
2016-08-02 23:13:27.333  INFO 10139 --- [    Test worker] c.t.IronQuotesApplicationTests           : Started IronQuotesApplicationTests in 4.62 seconds (JVM running for 5.262)
]]></system-out>
  <system-err><![CDATA[]]></system-err>
</testsuite>
