<?xml version="1.0" encoding="UTF-8"?>
<testsuite name="com.theironyard.IronQuotesPart2ApplicationTests" tests="1" skipped="0" failures="0" errors="0" timestamp="2016-08-02T23:51:43" hostname="Nigels-MacBook-Pro.local" time="0.024">
  <properties/>
  <testcase name="contextLoads" classname="com.theironyard.IronQuotesPart2ApplicationTests" time="0.024"/>
  <system-out><![CDATA[16:51:35.018 [Test worker] DEBUG org.springframework.test.context.junit4.SpringJUnit4ClassRunner - SpringJUnit4ClassRunner constructor called with [class com.theironyard.IronQuotesPart2ApplicationTests]
16:51:35.024 [Test worker] DEBUG org.springframework.test.context.BootstrapUtils - Instantiating CacheAwareContextLoaderDelegate from class [org.springframework.test.context.cache.DefaultCacheAwareContextLoaderDelegate]
16:51:35.038 [Test worker] DEBUG org.springframework.test.context.BootstrapUtils - Instantiating BootstrapContext using constructor [public org.springframework.test.context.support.DefaultBootstrapContext(java.lang.Class,org.springframework.test.context.CacheAwareContextLoaderDelegate)]
16:51:35.070 [Test worker] DEBUG org.springframework.test.context.BootstrapUtils - Instantiating TestContextBootstrapper for test class [com.theironyard.IronQuotesPart2ApplicationTests] from class [org.springframework.boot.test.context.SpringBootTestContextBootstrapper]
16:51:35.087 [Test worker] INFO org.springframework.boot.test.context.SpringBootTestContextBootstrapper - Neither @ContextConfiguration nor @ContextHierarchy found for test class [com.theironyard.IronQuotesPart2ApplicationTests], using SpringBootContextLoader
16:51:35.093 [Test worker] DEBUG org.springframework.test.context.support.AbstractContextLoader - Did not detect default resource location for test class [com.theironyard.IronQuotesPart2ApplicationTests]: class path resource [com/theironyard/IronQuotesPart2ApplicationTests-context.xml] does not exist
16:51:35.094 [Test worker] DEBUG org.springframework.test.context.support.AbstractContextLoader - Did not detect default resource location for test class [com.theironyard.IronQuotesPart2ApplicationTests]: class path resource [com/theironyard/IronQuotesPart2ApplicationTestsContext.groovy] does not exist
16:51:35.095 [Test worker] INFO org.springframework.test.context.support.AbstractContextLoader - Could not detect default resource locations for test class [com.theironyard.IronQuotesPart2ApplicationTests]: no resource found for suffixes {-context.xml, Context.groovy}.
16:51:35.097 [Test worker] INFO org.springframework.test.context.support.AnnotationConfigContextLoaderUtils - Could not detect default configuration classes for test class [com.theironyard.IronQuotesPart2ApplicationTests]: IronQuotesPart2ApplicationTests does not declare any static, non-private, non-final, nested classes annotated with @Configuration.
16:51:35.170 [Test worker] DEBUG org.springframework.test.context.support.ActiveProfilesUtils - Could not find an 'annotation declaring class' for annotation type [org.springframework.test.context.ActiveProfiles] and class [com.theironyard.IronQuotesPart2ApplicationTests]
16:51:35.230 [Test worker] DEBUG org.springframework.core.env.StandardEnvironment - Adding [systemProperties] PropertySource with lowest search precedence
16:51:35.231 [Test worker] DEBUG org.springframework.core.env.StandardEnvironment - Adding [systemEnvironment] PropertySource with lowest search precedence
16:51:35.231 [Test worker] DEBUG org.springframework.core.env.StandardEnvironment - Initialized StandardEnvironment with PropertySources [systemProperties,systemEnvironment]
16:51:35.243 [Test worker] DEBUG org.springframework.core.io.support.PathMatchingResourcePatternResolver - Resolved classpath location [com/theironyard/] to resources [URL [file:/Users/Nigel/tiy/iron-quotes-part-2/build/classes/test/com/theironyard/], URL [file:/Users/Nigel/tiy/iron-quotes-part-2/build/classes/main/com/theironyard/]]
16:51:35.244 [Test worker] DEBUG org.springframework.core.io.support.PathMatchingResourcePatternResolver - Looking for matching resources in directory tree [/Users/Nigel/tiy/iron-quotes-part-2/build/classes/test/com/theironyard]
16:51:35.245 [Test worker] DEBUG org.springframework.core.io.support.PathMatchingResourcePatternResolver - Searching directory [/Users/Nigel/tiy/iron-quotes-part-2/build/classes/test/com/theironyard] for files matching pattern [/Users/Nigel/tiy/iron-quotes-part-2/build/classes/test/com/theironyard/*.class]
16:51:35.250 [Test worker] DEBUG org.springframework.core.io.support.PathMatchingResourcePatternResolver - Looking for matching resources in directory tree [/Users/Nigel/tiy/iron-quotes-part-2/build/classes/main/com/theironyard]
16:51:35.250 [Test worker] DEBUG org.springframework.core.io.support.PathMatchingResourcePatternResolver - Searching directory [/Users/Nigel/tiy/iron-quotes-part-2/build/classes/main/com/theironyard] for files matching pattern [/Users/Nigel/tiy/iron-quotes-part-2/build/classes/main/com/theironyard/*.class]
16:51:35.253 [Test worker] DEBUG org.springframework.core.io.support.PathMatchingResourcePatternResolver - Resolved location pattern [classpath*:com/theironyard/*.class] to resources [file [/Users/Nigel/tiy/iron-quotes-part-2/build/classes/test/com/theironyard/IronQuotesPart2ApplicationTests.class], file [/Users/Nigel/tiy/iron-quotes-part-2/build/classes/main/com/theironyard/IronQuotesPart2Application.class]]
16:51:35.315 [Test worker] DEBUG org.springframework.context.annotation.ClassPathScanningCandidateComponentProvider - Identified candidate component class: file [/Users/Nigel/tiy/iron-quotes-part-2/build/classes/main/com/theironyard/IronQuotesPart2Application.class]
16:51:35.316 [Test worker] INFO org.springframework.boot.test.context.SpringBootTestContextBootstrapper - Found @SpringBootConfiguration com.theironyard.IronQuotesPart2Application for test class com.theironyard.IronQuotesPart2ApplicationTests
16:51:35.322 [Test worker] DEBUG org.springframework.boot.test.context.SpringBootTestContextBootstrapper - @TestExecutionListeners is not present for class [com.theironyard.IronQuotesPart2ApplicationTests]: using defaults.
16:51:35.326 [Test worker] INFO org.springframework.boot.test.context.SpringBootTestContextBootstrapper - Loaded default TestExecutionListener class names from location [META-INF/spring.factories]: [org.springframework.boot.test.mock.mockito.MockitoTestExecutionListener, org.springframework.boot.test.mock.mockito.ResetMocksTestExecutionListener, org.springframework.boot.test.autoconfigure.AutoConfigureReportTestExecutionListener, org.springframework.boot.test.autoconfigure.restdocs.RestDocsTestExecutionListener, org.springframework.boot.test.autoconfigure.web.client.MockRestServiceServerResetTestExecutionListener, org.springframework.test.context.web.ServletTestExecutionListener, org.springframework.test.context.support.DirtiesContextBeforeModesTestExecutionListener, org.springframework.test.context.support.DependencyInjectionTestExecutionListener, org.springframework.test.context.support.DirtiesContextTestExecutionListener, org.springframework.test.context.transaction.TransactionalTestExecutionListener, org.springframework.test.context.jdbc.SqlScriptsTestExecutionListener]
16:51:35.343 [Test worker] INFO org.springframework.boot.test.context.SpringBootTestContextBootstrapper - Using TestExecutionListeners: [org.springframework.test.context.web.ServletTestExecutionListener@2d0241d4, org.springframework.test.context.support.DirtiesContextBeforeModesTestExecutionListener@3c550376, org.springframework.boot.test.autoconfigure.AutoConfigureReportTestExecutionListener@5d2cc393, org.springframework.test.context.support.DependencyInjectionTestExecutionListener@648e10fa, org.springframework.test.context.support.DirtiesContextTestExecutionListener@5bbde15e, org.springframework.test.context.transaction.TransactionalTestExecutionListener@4f6707ec, org.springframework.test.context.jdbc.SqlScriptsTestExecutionListener@74ec65c8, org.springframework.boot.test.mock.mockito.MockitoTestExecutionListener@6071b26f, org.springframework.boot.test.autoconfigure.restdocs.RestDocsTestExecutionListener@54f2182e, org.springframework.boot.test.autoconfigure.web.client.MockRestServiceServerResetTestExecutionListener@23dd2d3b, org.springframework.boot.test.mock.mockito.ResetMocksTestExecutionListener@3488cead]
16:51:35.347 [Test worker] DEBUG org.springframework.test.annotation.ProfileValueUtils - Retrieved @ProfileValueSourceConfiguration [null] for test class [com.theironyard.IronQuotesPart2ApplicationTests]
16:51:35.347 [Test worker] DEBUG org.springframework.test.annotation.ProfileValueUtils - Retrieved ProfileValueSource type [class org.springframework.test.annotation.SystemProfileValueSource] for class [com.theironyard.IronQuotesPart2ApplicationTests]
16:51:35.349 [Test worker] DEBUG org.springframework.test.annotation.ProfileValueUtils - Retrieved @ProfileValueSourceConfiguration [null] for test class [com.theironyard.IronQuotesPart2ApplicationTests]
16:51:35.350 [Test worker] DEBUG org.springframework.test.annotation.ProfileValueUtils - Retrieved ProfileValueSource type [class org.springframework.test.annotation.SystemProfileValueSource] for class [com.theironyard.IronQuotesPart2ApplicationTests]
16:51:35.357 [Test worker] DEBUG org.springframework.test.context.support.AbstractDirtiesContextTestExecutionListener - Before test class: context [DefaultTestContext@5a347496 testClass = IronQuotesPart2ApplicationTests, testInstance = [null], testMethod = [null], testException = [null], mergedContextConfiguration = [WebMergedContextConfiguration@7e490a30 testClass = IronQuotesPart2ApplicationTests, locations = '{}', classes = '{class com.theironyard.IronQuotesPart2Application}', contextInitializerClasses = '[]', activeProfiles = '{}', propertySourceLocations = '{}', propertySourceProperties = '{org.springframework.boot.test.context.SpringBootTestContextBootstrapper=true}', contextCustomizers = set[org.springframework.boot.test.context.SpringBootTestContextCustomizer@28638075, org.springframework.boot.test.context.filter.ExcludeFilterContextCustomizer@a44d37a, org.springframework.boot.test.mock.mockito.MockitoContextCustomizer@0, org.springframework.boot.test.autoconfigure.properties.PropertyMappingContextCustomizer@0], resourceBasePath = 'src/main/webapp', contextLoader = 'org.springframework.boot.test.context.SpringBootContextLoader', parent = [null]]], class annotated with @DirtiesContext [false] with mode [null].
16:51:35.358 [Test worker] DEBUG org.springframework.test.annotation.ProfileValueUtils - Retrieved @ProfileValueSourceConfiguration [null] for test class [com.theironyard.IronQuotesPart2ApplicationTests]
16:51:35.358 [Test worker] DEBUG org.springframework.test.annotation.ProfileValueUtils - Retrieved ProfileValueSource type [class org.springframework.test.annotation.SystemProfileValueSource] for class [com.theironyard.IronQuotesPart2ApplicationTests]
16:51:35.397 [Test worker] DEBUG org.springframework.core.env.StandardEnvironment - Adding [systemProperties] PropertySource with lowest search precedence
16:51:35.398 [Test worker] DEBUG org.springframework.core.env.StandardEnvironment - Adding [systemEnvironment] PropertySource with lowest search precedence
16:51:35.398 [Test worker] DEBUG org.springframework.core.env.StandardEnvironment - Initialized StandardEnvironment with PropertySources [systemProperties,systemEnvironment]
16:51:35.400 [Test worker] DEBUG org.springframework.test.context.support.TestPropertySourceUtils - Adding inlined properties to environment: {spring.jmx.enabled=false, org.springframework.boot.test.context.SpringBootTestContextBootstrapper=true, server.port=-1}
16:51:35.400 [Test worker] DEBUG org.springframework.core.env.StandardEnvironment - Adding [Inlined Test Properties] PropertySource with highest search precedence

  .   ____          _            __ _ _
 /\\ / ___'_ __ _ _(_)_ __  __ _ \ \ \ \
( ( )\___ | '_ | '_| | '_ \/ _` | \ \ \ \
 \\/  ___)| |_)| | | | | || (_| |  ) ) ) )
  '  |____| .__|_| |_|_| |_\__, | / / / /
 =========|_|==============|___/=/_/_/_/
 :: Spring Boot ::        (v1.4.0.RELEASE)

2016-08-02 16:51:36.179  INFO 2131 --- [    Test worker] c.t.IronQuotesPart2ApplicationTests      : Starting IronQuotesPart2ApplicationTests on Nigels-MacBook-Pro.local with PID 2131 (started by Nigel in /Users/Nigel/tiy/iron-quotes-part-2)
2016-08-02 16:51:36.181  INFO 2131 --- [    Test worker] c.t.IronQuotesPart2ApplicationTests      : No active profile set, falling back to default profiles: default
2016-08-02 16:51:36.268  INFO 2131 --- [    Test worker] o.s.w.c.s.GenericWebApplicationContext   : Refreshing org.springframework.web.context.support.GenericWebApplicationContext@7a348443: startup date [Tue Aug 02 16:51:36 PDT 2016]; root of context hierarchy
2016-08-02 16:51:38.668  INFO 2131 --- [    Test worker] trationDelegate$BeanPostProcessorChecker : Bean 'org.springframework.transaction.annotation.ProxyTransactionManagementConfiguration' of type [class org.springframework.transaction.annotation.ProxyTransactionManagementConfiguration$$EnhancerBySpringCGLIB$$50f6241d] is not eligible for getting processed by all BeanPostProcessors (for example: not eligible for auto-proxying)
2016-08-02 16:51:39.438  INFO 2131 --- [    Test worker] j.LocalContainerEntityManagerFactoryBean : Building JPA container EntityManagerFactory for persistence unit 'default'
2016-08-02 16:51:39.474  INFO 2131 --- [    Test worker] o.hibernate.jpa.internal.util.LogHelper  : HHH000204: Processing PersistenceUnitInfo [
	name: default
	...]
2016-08-02 16:51:39.588  INFO 2131 --- [    Test worker] org.hibernate.Version                    : HHH000412: Hibernate Core {5.0.9.Final}
2016-08-02 16:51:39.591  INFO 2131 --- [    Test worker] org.hibernate.cfg.Environment            : HHH000206: hibernate.properties not found
2016-08-02 16:51:39.593  INFO 2131 --- [    Test worker] org.hibernate.cfg.Environment            : HHH000021: Bytecode provider name : javassist
2016-08-02 16:51:39.667  INFO 2131 --- [    Test worker] o.hibernate.annotations.common.Version   : HCANN000001: Hibernate Commons Annotations {5.0.1.Final}
2016-08-02 16:51:40.177  INFO 2131 --- [    Test worker] org.hibernate.dialect.Dialect            : HHH000400: Using dialect: org.hibernate.dialect.PostgreSQL94Dialect
2016-08-02 16:51:40.437  INFO 2131 --- [    Test worker] o.h.e.j.e.i.LobCreatorBuilderImpl        : HHH000424: Disabling contextual LOB creation as createClob() method threw error : java.lang.reflect.InvocationTargetException
2016-08-02 16:51:40.439  INFO 2131 --- [    Test worker] org.hibernate.type.BasicTypeRegistry     : HHH000270: Type registration [java.util.UUID] overrides previous : org.hibernate.type.UUIDBinaryType@6425ccfe
2016-08-02 16:51:41.480  INFO 2131 --- [    Test worker] org.hibernate.tool.hbm2ddl.SchemaUpdate  : HHH000228: Running hbm2ddl schema update
2016-08-02 16:51:41.733  INFO 2131 --- [    Test worker] j.LocalContainerEntityManagerFactoryBean : Initialized JPA EntityManagerFactory for persistence unit 'default'
2016-08-02 16:51:43.026  INFO 2131 --- [    Test worker] s.w.s.m.m.a.RequestMappingHandlerAdapter : Looking for @ControllerAdvice: org.springframework.web.context.support.GenericWebApplicationContext@7a348443: startup date [Tue Aug 02 16:51:36 PDT 2016]; root of context hierarchy
2016-08-02 16:51:43.156  INFO 2131 --- [    Test worker] s.w.s.m.m.a.RequestMappingHandlerMapping : Mapped "{[/users],methods=[POST]}" onto public com.theironyard.Entities.User com.theironyard.Controllers.IronQuotesController.login(com.theironyard.Command.UserCommand) throws java.lang.Exception
2016-08-02 16:51:43.157  INFO 2131 --- [    Test worker] s.w.s.m.m.a.RequestMappingHandlerMapping : Mapped "{[/quotes],methods=[POST]}" onto public com.theironyard.Entities.Quote com.theironyard.Controllers.IronQuotesController.createQuote(com.theironyard.Entities.Quote,java.lang.String)
2016-08-02 16:51:43.158  INFO 2131 --- [    Test worker] s.w.s.m.m.a.RequestMappingHandlerMapping : Mapped "{[/quotes/{id}/tags],methods=[POST]}" onto public com.theironyard.Entities.Quote com.theironyard.Controllers.IronQuotesController.createTag(int,com.theironyard.Command.TagCommand,java.lang.String) throws java.lang.Exception
2016-08-02 16:51:43.158  INFO 2131 --- [    Test worker] s.w.s.m.m.a.RequestMappingHandlerMapping : Mapped "{[/quotes/{id}],methods=[GET]}" onto public com.theironyard.Entities.Quote com.theironyard.Controllers.IronQuotesController.getQuote(int) throws java.lang.Exception
2016-08-02 16:51:43.158  INFO 2131 --- [    Test worker] s.w.s.m.m.a.RequestMappingHandlerMapping : Mapped "{[/tags/{id}],methods=[GET]}" onto public com.theironyard.Entities.Tag com.theironyard.Controllers.IronQuotesController.getTag(int) throws java.lang.Exception
2016-08-02 16:51:43.159  INFO 2131 --- [    Test worker] s.w.s.m.m.a.RequestMappingHandlerMapping : Mapped "{[/quotes/{id}],methods=[PUT]}" onto public com.theironyard.Entities.Quote com.theironyard.Controllers.IronQuotesController.updateQuote(int,com.theironyard.Command.QuoteCommand,java.lang.String) throws java.lang.Exception
2016-08-02 16:51:43.159  INFO 2131 --- [    Test worker] s.w.s.m.m.a.RequestMappingHandlerMapping : Mapped "{[/quotes/{quoteId}/tags/{tagId}],methods=[PUT]}" onto public com.theironyard.Entities.Tag com.theironyard.Controllers.IronQuotesController.updateTag(int,int,com.theironyard.Command.TagCommand,java.lang.String) throws java.lang.Exception
2016-08-02 16:51:43.159  INFO 2131 --- [    Test worker] s.w.s.m.m.a.RequestMappingHandlerMapping : Mapped "{[/quotes/{id}],methods=[DELETE]}" onto public java.util.List<com.theironyard.Entities.Quote> com.theironyard.Controllers.IronQuotesController.deleteQuote(int,java.lang.String) throws java.lang.Exception
2016-08-02 16:51:43.159  INFO 2131 --- [    Test worker] s.w.s.m.m.a.RequestMappingHandlerMapping : Mapped "{[/quotes/{quoteId}/tags/{tagId}],methods=[DELETE]}" onto public com.theironyard.Entities.Quote com.theironyard.Controllers.IronQuotesController.deleteTag(int,int,java.lang.String) throws java.lang.Exception
2016-08-02 16:51:43.160  INFO 2131 --- [    Test worker] s.w.s.m.m.a.RequestMappingHandlerMapping : Mapped "{[/quotes],methods=[GET]}" onto public java.util.List<com.theironyard.Entities.Quote> com.theironyard.Controllers.IronQuotesController.getQuotes()
2016-08-02 16:51:43.160  INFO 2131 --- [    Test worker] s.w.s.m.m.a.RequestMappingHandlerMapping : Mapped "{[/token],methods=[POST]}" onto public java.util.Map com.theironyard.Controllers.IronQuotesController.getToken(com.theironyard.Command.UserCommand) throws java.lang.Exception
2016-08-02 16:51:43.160  INFO 2131 --- [    Test worker] s.w.s.m.m.a.RequestMappingHandlerMapping : Mapped "{[/token/regenerate],methods=[PUT]}" onto public java.util.Map com.theironyard.Controllers.IronQuotesController.regenerateToken(com.theironyard.Command.UserCommand) throws java.lang.Exception
2016-08-02 16:51:43.161  INFO 2131 --- [    Test worker] s.w.s.m.m.a.RequestMappingHandlerMapping : Mapped "{[/tags],methods=[GET]}" onto public java.util.List<com.theironyard.Entities.Tag> com.theironyard.Controllers.IronQuotesController.getTags()
2016-08-02 16:51:43.167  INFO 2131 --- [    Test worker] s.w.s.m.m.a.RequestMappingHandlerMapping : Mapped "{[/error]}" onto public org.springframework.http.ResponseEntity<java.util.Map<java.lang.String, java.lang.Object>> org.springframework.boot.autoconfigure.web.BasicErrorController.error(javax.servlet.http.HttpServletRequest)
2016-08-02 16:51:43.168  INFO 2131 --- [    Test worker] s.w.s.m.m.a.RequestMappingHandlerMapping : Mapped "{[/error],produces=[text/html]}" onto public org.springframework.web.servlet.ModelAndView org.springframework.boot.autoconfigure.web.BasicErrorController.errorHtml(javax.servlet.http.HttpServletRequest,javax.servlet.http.HttpServletResponse)
2016-08-02 16:51:43.240  INFO 2131 --- [    Test worker] o.s.w.s.handler.SimpleUrlHandlerMapping  : Mapped URL path [/webjars/**] onto handler of type [class org.springframework.web.servlet.resource.ResourceHttpRequestHandler]
2016-08-02 16:51:43.240  INFO 2131 --- [    Test worker] o.s.w.s.handler.SimpleUrlHandlerMapping  : Mapped URL path [/**] onto handler of type [class org.springframework.web.servlet.resource.ResourceHttpRequestHandler]
2016-08-02 16:51:43.326  INFO 2131 --- [    Test worker] o.s.w.s.handler.SimpleUrlHandlerMapping  : Mapped URL path [/**/favicon.ico] onto handler of type [class org.springframework.web.servlet.resource.ResourceHttpRequestHandler]
2016-08-02 16:51:43.915  INFO 2131 --- [    Test worker] c.t.IronQuotesPart2ApplicationTests      : Started IronQuotesPart2ApplicationTests in 8.503 seconds (JVM running for 10.155)
]]></system-out>
  <system-err><![CDATA[]]></system-err>
</testsuite>
