<?xml version="1.0" encoding="UTF-8"?>
<testsuite name="com.theironyard.IronQuotesApplicationTests" tests="1" skipped="0" failures="0" errors="0" timestamp="2016-08-03T04:04:24" hostname="Valeries-MacBook-Pro.local" time="0.008">
  <properties/>
  <testcase name="contextLoads" classname="com.theironyard.IronQuotesApplicationTests" time="0.008"/>
  <system-out><![CDATA[21:04:19.705 [Test worker] DEBUG org.springframework.test.context.junit4.SpringJUnit4ClassRunner - SpringJUnit4ClassRunner constructor called with [class com.theironyard.IronQuotesApplicationTests]
21:04:19.708 [Test worker] DEBUG org.springframework.test.context.BootstrapUtils - Instantiating CacheAwareContextLoaderDelegate from class [org.springframework.test.context.cache.DefaultCacheAwareContextLoaderDelegate]
21:04:19.714 [Test worker] DEBUG org.springframework.test.context.BootstrapUtils - Instantiating BootstrapContext using constructor [public org.springframework.test.context.support.DefaultBootstrapContext(java.lang.Class,org.springframework.test.context.CacheAwareContextLoaderDelegate)]
21:04:19.725 [Test worker] DEBUG org.springframework.test.context.BootstrapUtils - Instantiating TestContextBootstrapper for test class [com.theironyard.IronQuotesApplicationTests] from class [org.springframework.boot.test.context.SpringBootTestContextBootstrapper]
21:04:19.733 [Test worker] INFO org.springframework.boot.test.context.SpringBootTestContextBootstrapper - Neither @ContextConfiguration nor @ContextHierarchy found for test class [com.theironyard.IronQuotesApplicationTests], using SpringBootContextLoader
21:04:19.736 [Test worker] DEBUG org.springframework.test.context.support.AbstractContextLoader - Did not detect default resource location for test class [com.theironyard.IronQuotesApplicationTests]: class path resource [com/theironyard/IronQuotesApplicationTests-context.xml] does not exist
21:04:19.736 [Test worker] DEBUG org.springframework.test.context.support.AbstractContextLoader - Did not detect default resource location for test class [com.theironyard.IronQuotesApplicationTests]: class path resource [com/theironyard/IronQuotesApplicationTestsContext.groovy] does not exist
21:04:19.736 [Test worker] INFO org.springframework.test.context.support.AbstractContextLoader - Could not detect default resource locations for test class [com.theironyard.IronQuotesApplicationTests]: no resource found for suffixes {-context.xml, Context.groovy}.
21:04:19.737 [Test worker] INFO org.springframework.test.context.support.AnnotationConfigContextLoaderUtils - Could not detect default configuration classes for test class [com.theironyard.IronQuotesApplicationTests]: IronQuotesApplicationTests does not declare any static, non-private, non-final, nested classes annotated with @Configuration.
21:04:19.761 [Test worker] DEBUG org.springframework.test.context.support.ActiveProfilesUtils - Could not find an 'annotation declaring class' for annotation type [org.springframework.test.context.ActiveProfiles] and class [com.theironyard.IronQuotesApplicationTests]
21:04:19.793 [Test worker] DEBUG org.springframework.core.env.StandardEnvironment - Adding [systemProperties] PropertySource with lowest search precedence
21:04:19.794 [Test worker] DEBUG org.springframework.core.env.StandardEnvironment - Adding [systemEnvironment] PropertySource with lowest search precedence
21:04:19.794 [Test worker] DEBUG org.springframework.core.env.StandardEnvironment - Initialized StandardEnvironment with PropertySources [systemProperties,systemEnvironment]
21:04:19.801 [Test worker] DEBUG org.springframework.core.io.support.PathMatchingResourcePatternResolver - Resolved classpath location [com/theironyard/] to resources [URL [file:/Users/vasantia/sandbox/iron-quotes-part-2/build/classes/test/com/theironyard/], URL [file:/Users/vasantia/sandbox/iron-quotes-part-2/build/classes/main/com/theironyard/]]
21:04:19.802 [Test worker] DEBUG org.springframework.core.io.support.PathMatchingResourcePatternResolver - Looking for matching resources in directory tree [/Users/vasantia/sandbox/iron-quotes-part-2/build/classes/test/com/theironyard]
21:04:19.802 [Test worker] DEBUG org.springframework.core.io.support.PathMatchingResourcePatternResolver - Searching directory [/Users/vasantia/sandbox/iron-quotes-part-2/build/classes/test/com/theironyard] for files matching pattern [/Users/vasantia/sandbox/iron-quotes-part-2/build/classes/test/com/theironyard/*.class]
21:04:19.804 [Test worker] DEBUG org.springframework.core.io.support.PathMatchingResourcePatternResolver - Looking for matching resources in directory tree [/Users/vasantia/sandbox/iron-quotes-part-2/build/classes/main/com/theironyard]
21:04:19.804 [Test worker] DEBUG org.springframework.core.io.support.PathMatchingResourcePatternResolver - Searching directory [/Users/vasantia/sandbox/iron-quotes-part-2/build/classes/main/com/theironyard] for files matching pattern [/Users/vasantia/sandbox/iron-quotes-part-2/build/classes/main/com/theironyard/*.class]
21:04:19.805 [Test worker] DEBUG org.springframework.core.io.support.PathMatchingResourcePatternResolver - Resolved location pattern [classpath*:com/theironyard/*.class] to resources [file [/Users/vasantia/sandbox/iron-quotes-part-2/build/classes/test/com/theironyard/IronQuotesApplicationTests.class], file [/Users/vasantia/sandbox/iron-quotes-part-2/build/classes/main/com/theironyard/IronQuotesApplication.class]]
21:04:19.836 [Test worker] DEBUG org.springframework.context.annotation.ClassPathScanningCandidateComponentProvider - Identified candidate component class: file [/Users/vasantia/sandbox/iron-quotes-part-2/build/classes/main/com/theironyard/IronQuotesApplication.class]
21:04:19.837 [Test worker] INFO org.springframework.boot.test.context.SpringBootTestContextBootstrapper - Found @SpringBootConfiguration com.theironyard.IronQuotesApplication for test class com.theironyard.IronQuotesApplicationTests
21:04:19.840 [Test worker] DEBUG org.springframework.boot.test.context.SpringBootTestContextBootstrapper - @TestExecutionListeners is not present for class [com.theironyard.IronQuotesApplicationTests]: using defaults.
21:04:19.843 [Test worker] INFO org.springframework.boot.test.context.SpringBootTestContextBootstrapper - Loaded default TestExecutionListener class names from location [META-INF/spring.factories]: [org.springframework.boot.test.mock.mockito.MockitoTestExecutionListener, org.springframework.boot.test.mock.mockito.ResetMocksTestExecutionListener, org.springframework.boot.test.autoconfigure.AutoConfigureReportTestExecutionListener, org.springframework.boot.test.autoconfigure.restdocs.RestDocsTestExecutionListener, org.springframework.boot.test.autoconfigure.web.client.MockRestServiceServerResetTestExecutionListener, org.springframework.test.context.web.ServletTestExecutionListener, org.springframework.test.context.support.DirtiesContextBeforeModesTestExecutionListener, org.springframework.test.context.support.DependencyInjectionTestExecutionListener, org.springframework.test.context.support.DirtiesContextTestExecutionListener, org.springframework.test.context.transaction.TransactionalTestExecutionListener, org.springframework.test.context.jdbc.SqlScriptsTestExecutionListener]
21:04:19.854 [Test worker] INFO org.springframework.boot.test.context.SpringBootTestContextBootstrapper - Using TestExecutionListeners: [org.springframework.test.context.web.ServletTestExecutionListener@27cf45d7, org.springframework.test.context.support.DirtiesContextBeforeModesTestExecutionListener@70531903, org.springframework.boot.test.autoconfigure.AutoConfigureReportTestExecutionListener@387df7f8, org.springframework.test.context.support.DependencyInjectionTestExecutionListener@65eb4be5, org.springframework.test.context.support.DirtiesContextTestExecutionListener@38575b72, org.springframework.test.context.transaction.TransactionalTestExecutionListener@5024c67a, org.springframework.test.context.jdbc.SqlScriptsTestExecutionListener@7b129b1, org.springframework.boot.test.mock.mockito.ResetMocksTestExecutionListener@383aeec1, org.springframework.boot.test.autoconfigure.restdocs.RestDocsTestExecutionListener@3a34be7f, org.springframework.boot.test.autoconfigure.web.client.MockRestServiceServerResetTestExecutionListener@4cd5b855, org.springframework.boot.test.mock.mockito.MockitoTestExecutionListener@4227fcdf]
21:04:19.856 [Test worker] DEBUG org.springframework.test.annotation.ProfileValueUtils - Retrieved @ProfileValueSourceConfiguration [null] for test class [com.theironyard.IronQuotesApplicationTests]
21:04:19.856 [Test worker] DEBUG org.springframework.test.annotation.ProfileValueUtils - Retrieved ProfileValueSource type [class org.springframework.test.annotation.SystemProfileValueSource] for class [com.theironyard.IronQuotesApplicationTests]
21:04:19.857 [Test worker] DEBUG org.springframework.test.annotation.ProfileValueUtils - Retrieved @ProfileValueSourceConfiguration [null] for test class [com.theironyard.IronQuotesApplicationTests]
21:04:19.857 [Test worker] DEBUG org.springframework.test.annotation.ProfileValueUtils - Retrieved ProfileValueSource type [class org.springframework.test.annotation.SystemProfileValueSource] for class [com.theironyard.IronQuotesApplicationTests]
21:04:19.860 [Test worker] DEBUG org.springframework.test.context.support.AbstractDirtiesContextTestExecutionListener - Before test class: context [DefaultTestContext@7007b7d4 testClass = IronQuotesApplicationTests, testInstance = [null], testMethod = [null], testException = [null], mergedContextConfiguration = [WebMergedContextConfiguration@36515a4f testClass = IronQuotesApplicationTests, locations = '{}', classes = '{class com.theironyard.IronQuotesApplication}', contextInitializerClasses = '[]', activeProfiles = '{}', propertySourceLocations = '{}', propertySourceProperties = '{org.springframework.boot.test.context.SpringBootTestContextBootstrapper=true}', contextCustomizers = set[org.springframework.boot.test.context.SpringBootTestContextCustomizer@2bd55cc7, org.springframework.boot.test.context.filter.ExcludeFilterContextCustomizer@75214857, org.springframework.boot.test.mock.mockito.MockitoContextCustomizer@0, org.springframework.boot.test.autoconfigure.properties.PropertyMappingContextCustomizer@0], resourceBasePath = 'src/main/webapp', contextLoader = 'org.springframework.boot.test.context.SpringBootContextLoader', parent = [null]]], class annotated with @DirtiesContext [false] with mode [null].
21:04:19.860 [Test worker] DEBUG org.springframework.test.annotation.ProfileValueUtils - Retrieved @ProfileValueSourceConfiguration [null] for test class [com.theironyard.IronQuotesApplicationTests]
21:04:19.861 [Test worker] DEBUG org.springframework.test.annotation.ProfileValueUtils - Retrieved ProfileValueSource type [class org.springframework.test.annotation.SystemProfileValueSource] for class [com.theironyard.IronQuotesApplicationTests]
21:04:19.881 [Test worker] DEBUG org.springframework.core.env.StandardEnvironment - Adding [systemProperties] PropertySource with lowest search precedence
21:04:19.881 [Test worker] DEBUG org.springframework.core.env.StandardEnvironment - Adding [systemEnvironment] PropertySource with lowest search precedence
21:04:19.881 [Test worker] DEBUG org.springframework.core.env.StandardEnvironment - Initialized StandardEnvironment with PropertySources [systemProperties,systemEnvironment]
21:04:19.882 [Test worker] DEBUG org.springframework.test.context.support.TestPropertySourceUtils - Adding inlined properties to environment: {spring.jmx.enabled=false, org.springframework.boot.test.context.SpringBootTestContextBootstrapper=true, server.port=-1}
21:04:19.882 [Test worker] DEBUG org.springframework.core.env.StandardEnvironment - Adding [Inlined Test Properties] PropertySource with highest search precedence

  .   ____          _            __ _ _
 /\\ / ___'_ __ _ _(_)_ __  __ _ \ \ \ \
( ( )\___ | '_ | '_| | '_ \/ _` | \ \ \ \
 \\/  ___)| |_)| | | | | || (_| |  ) ) ) )
  '  |____| .__|_| |_|_| |_\__, | / / / /
 =========|_|==============|___/=/_/_/_/
 :: Spring Boot ::        (v1.4.0.RELEASE)

2016-08-02 21:04:20.469  INFO 8775 --- [    Test worker] c.t.IronQuotesApplicationTests           : Starting IronQuotesApplicationTests on Valeries-MacBook-Pro.local with PID 8775 (started by vasantia in /Users/vasantia/sandbox/iron-quotes-part-2)
2016-08-02 21:04:20.470  INFO 8775 --- [    Test worker] c.t.IronQuotesApplicationTests           : No active profile set, falling back to default profiles: default
2016-08-02 21:04:20.512  INFO 8775 --- [    Test worker] o.s.w.c.s.GenericWebApplicationContext   : Refreshing org.springframework.web.context.support.GenericWebApplicationContext@771af6ef: startup date [Tue Aug 02 21:04:20 PDT 2016]; root of context hierarchy
2016-08-02 21:04:22.250  INFO 8775 --- [    Test worker] trationDelegate$BeanPostProcessorChecker : Bean 'org.springframework.transaction.annotation.ProxyTransactionManagementConfiguration' of type [class org.springframework.transaction.annotation.ProxyTransactionManagementConfiguration$$EnhancerBySpringCGLIB$$f3564ffa] is not eligible for getting processed by all BeanPostProcessors (for example: not eligible for auto-proxying)
2016-08-02 21:04:22.816  INFO 8775 --- [    Test worker] j.LocalContainerEntityManagerFactoryBean : Building JPA container EntityManagerFactory for persistence unit 'default'
2016-08-02 21:04:22.844  INFO 8775 --- [    Test worker] o.hibernate.jpa.internal.util.LogHelper  : HHH000204: Processing PersistenceUnitInfo [
	name: default
	...]
2016-08-02 21:04:22.914  INFO 8775 --- [    Test worker] org.hibernate.Version                    : HHH000412: Hibernate Core {5.0.9.Final}
2016-08-02 21:04:22.916  INFO 8775 --- [    Test worker] org.hibernate.cfg.Environment            : HHH000206: hibernate.properties not found
2016-08-02 21:04:22.917  INFO 8775 --- [    Test worker] org.hibernate.cfg.Environment            : HHH000021: Bytecode provider name : javassist
2016-08-02 21:04:22.961  INFO 8775 --- [    Test worker] o.hibernate.annotations.common.Version   : HCANN000001: Hibernate Commons Annotations {5.0.1.Final}
2016-08-02 21:04:23.060  INFO 8775 --- [    Test worker] org.hibernate.dialect.Dialect            : HHH000400: Using dialect: org.hibernate.dialect.H2Dialect
2016-08-02 21:04:23.587  INFO 8775 --- [    Test worker] org.hibernate.tool.hbm2ddl.SchemaExport  : HHH000227: Running hbm2ddl schema export
2016-08-02 21:04:23.608  INFO 8775 --- [    Test worker] org.hibernate.tool.hbm2ddl.SchemaExport  : HHH000230: Schema export complete
2016-08-02 21:04:23.635  INFO 8775 --- [    Test worker] j.LocalContainerEntityManagerFactoryBean : Initialized JPA EntityManagerFactory for persistence unit 'default'
2016-08-02 21:04:24.205  INFO 8775 --- [    Test worker] s.w.s.m.m.a.RequestMappingHandlerAdapter : Looking for @ControllerAdvice: org.springframework.web.context.support.GenericWebApplicationContext@771af6ef: startup date [Tue Aug 02 21:04:20 PDT 2016]; root of context hierarchy
2016-08-02 21:04:24.256  INFO 8775 --- [    Test worker] s.w.s.m.m.a.RequestMappingHandlerMapping : Mapped "{[/create],methods=[POST]}" onto public com.theironyard.entities.Quote com.theironyard.controllers.IronQuotesController.create(com.theironyard.entities.Quote,java.lang.String) throws java.io.IOException
2016-08-02 21:04:24.257  INFO 8775 --- [    Test worker] s.w.s.m.m.a.RequestMappingHandlerMapping : Mapped "{[/token],methods=[POST]}" onto public java.util.Map com.theironyard.controllers.IronQuotesController.getToken(com.theironyard.command.UserCommand) throws java.lang.Exception
2016-08-02 21:04:24.258  INFO 8775 --- [    Test worker] s.w.s.m.m.a.RequestMappingHandlerMapping : Mapped "{[/quotes/{id}/tags],methods=[POST]}" onto public com.theironyard.entities.Quote com.theironyard.controllers.IronQuotesController.addTag(int,com.theironyard.command.TagCommand) throws java.lang.Exception
2016-08-02 21:04:24.258  INFO 8775 --- [    Test worker] s.w.s.m.m.a.RequestMappingHandlerMapping : Mapped "{[/users],methods=[POST]}" onto public com.theironyard.entities.User com.theironyard.controllers.IronQuotesController.createUser(com.theironyard.command.UserCommand) throws com.theironyard.utilities.PasswordStorage$CannotPerformOperationException,com.theironyard.utilities.PasswordStorage$InvalidHashException
2016-08-02 21:04:24.258  INFO 8775 --- [    Test worker] s.w.s.m.m.a.RequestMappingHandlerMapping : Mapped "{[/token/regenerate],methods=[PUT]}" onto public java.util.Map com.theironyard.controllers.IronQuotesController.regenerateToken(com.theironyard.command.UserCommand) throws java.lang.Exception
2016-08-02 21:04:24.258  INFO 8775 --- [    Test worker] s.w.s.m.m.a.RequestMappingHandlerMapping : Mapped "{[/quotes],methods=[GET]}" onto public java.util.List<com.theironyard.entities.Quote> com.theironyard.controllers.IronQuotesController.showQuotes()
2016-08-02 21:04:24.258  INFO 8775 --- [    Test worker] s.w.s.m.m.a.RequestMappingHandlerMapping : Mapped "{[/tags],methods=[GET]}" onto public java.util.List<com.theironyard.entities.Tag> com.theironyard.controllers.IronQuotesController.showTags()
2016-08-02 21:04:24.259  INFO 8775 --- [    Test worker] s.w.s.m.m.a.RequestMappingHandlerMapping : Mapped "{[/users],methods=[GET]}" onto public java.util.List<com.theironyard.entities.User> com.theironyard.controllers.IronQuotesController.showUsers()
2016-08-02 21:04:24.259  INFO 8775 --- [    Test worker] s.w.s.m.m.a.RequestMappingHandlerMapping : Mapped "{[/update/quotes/{id}],methods=[PUT]}" onto public com.theironyard.entities.Quote com.theironyard.controllers.IronQuotesController.updateQuote(int,com.theironyard.command.QuoteCommand) throws java.lang.Exception
2016-08-02 21:04:24.259  INFO 8775 --- [    Test worker] s.w.s.m.m.a.RequestMappingHandlerMapping : Mapped "{[/update/tags/{id}],methods=[PUT]}" onto public com.theironyard.entities.Tag com.theironyard.controllers.IronQuotesController.updateTag(int,com.theironyard.command.TagCommand) throws java.lang.Exception
2016-08-02 21:04:24.259  INFO 8775 --- [    Test worker] s.w.s.m.m.a.RequestMappingHandlerMapping : Mapped "{[/delete/quotes/{id}],methods=[DELETE]}" onto public void com.theironyard.controllers.IronQuotesController.deleteQuote(int) throws java.lang.Exception
2016-08-02 21:04:24.260  INFO 8775 --- [    Test worker] s.w.s.m.m.a.RequestMappingHandlerMapping : Mapped "{[/delete/tags/{id}],methods=[DELETE]}" onto public void com.theironyard.controllers.IronQuotesController.deleteTags(int) throws java.lang.Exception
2016-08-02 21:04:24.262  INFO 8775 --- [    Test worker] s.w.s.m.m.a.RequestMappingHandlerMapping : Mapped "{[/error]}" onto public org.springframework.http.ResponseEntity<java.util.Map<java.lang.String, java.lang.Object>> org.springframework.boot.autoconfigure.web.BasicErrorController.error(javax.servlet.http.HttpServletRequest)
2016-08-02 21:04:24.262  INFO 8775 --- [    Test worker] s.w.s.m.m.a.RequestMappingHandlerMapping : Mapped "{[/error],produces=[text/html]}" onto public org.springframework.web.servlet.ModelAndView org.springframework.boot.autoconfigure.web.BasicErrorController.errorHtml(javax.servlet.http.HttpServletRequest,javax.servlet.http.HttpServletResponse)
2016-08-02 21:04:24.265  INFO 8775 --- [    Test worker] o.s.w.s.c.a.WebMvcConfigurerAdapter      : Adding welcome page: ServletContext resource [/index.html]
2016-08-02 21:04:24.274  INFO 8775 --- [    Test worker] o.s.w.s.handler.SimpleUrlHandlerMapping  : Root mapping to handler of type [class org.springframework.web.servlet.mvc.ParameterizableViewController]
2016-08-02 21:04:24.285  INFO 8775 --- [    Test worker] o.s.w.s.handler.SimpleUrlHandlerMapping  : Mapped URL path [/webjars/**] onto handler of type [class org.springframework.web.servlet.resource.ResourceHttpRequestHandler]
2016-08-02 21:04:24.285  INFO 8775 --- [    Test worker] o.s.w.s.handler.SimpleUrlHandlerMapping  : Mapped URL path [/**] onto handler of type [class org.springframework.web.servlet.resource.ResourceHttpRequestHandler]
2016-08-02 21:04:24.316  INFO 8775 --- [    Test worker] o.s.w.s.handler.SimpleUrlHandlerMapping  : Mapped URL path [/**/favicon.ico] onto handler of type [class org.springframework.web.servlet.resource.ResourceHttpRequestHandler]
2016-08-02 21:04:24.592  INFO 8775 --- [    Test worker] c.t.IronQuotesApplicationTests           : Started IronQuotesApplicationTests in 4.7 seconds (JVM running for 5.346)
]]></system-out>
  <system-err><![CDATA[]]></system-err>
</testsuite>
