<?xml version="1.0" encoding="UTF-8"?>
<testsuite name="com.theironyard.IronQuotesApplicationTests" tests="1" skipped="0" failures="0" errors="0" timestamp="2016-08-03T00:18:24" hostname="Eduardos-MacBook-Pro.local" time="0.004">
  <properties/>
  <testcase name="contextLoads" classname="com.theironyard.IronQuotesApplicationTests" time="0.004"/>
  <system-out><![CDATA[17:18:16.265 [Test worker] DEBUG org.springframework.test.context.junit4.SpringJUnit4ClassRunner - SpringJUnit4ClassRunner constructor called with [class com.theironyard.IronQuotesApplicationTests]
17:18:16.282 [Test worker] DEBUG org.springframework.test.context.BootstrapUtils - Instantiating CacheAwareContextLoaderDelegate from class [org.springframework.test.context.cache.DefaultCacheAwareContextLoaderDelegate]
17:18:16.319 [Test worker] DEBUG org.springframework.test.context.BootstrapUtils - Instantiating BootstrapContext using constructor [public org.springframework.test.context.support.DefaultBootstrapContext(java.lang.Class,org.springframework.test.context.CacheAwareContextLoaderDelegate)]
17:18:16.429 [Test worker] DEBUG org.springframework.test.context.BootstrapUtils - Instantiating TestContextBootstrapper for test class [com.theironyard.IronQuotesApplicationTests] from class [org.springframework.test.context.web.WebTestContextBootstrapper]
17:18:16.616 [Test worker] DEBUG org.springframework.test.context.web.WebTestContextBootstrapper - Found explicit ContextLoader class [org.springframework.boot.test.SpringApplicationContextLoader] for context configuration attributes [ContextConfigurationAttributes@304507b1 declaringClass = 'com.theironyard.IronQuotesApplicationTests', classes = '{class com.theironyard.IronQuotesApplication}', locations = '{}', inheritLocations = true, initializers = '{}', inheritInitializers = true, name = [null], contextLoaderClass = 'org.springframework.boot.test.SpringApplicationContextLoader']
17:18:16.659 [Test worker] DEBUG org.springframework.test.context.support.AbstractContextLoader - Did not detect default resource location for test class [com.theironyard.IronQuotesApplicationTests]: class path resource [com/theironyard/IronQuotesApplicationTests-context.xml] does not exist
17:18:16.661 [Test worker] DEBUG org.springframework.test.context.support.AbstractContextLoader - Did not detect default resource location for test class [com.theironyard.IronQuotesApplicationTests]: class path resource [com/theironyard/IronQuotesApplicationTestsContext.groovy] does not exist
17:18:16.662 [Test worker] INFO org.springframework.test.context.support.AbstractContextLoader - Could not detect default resource locations for test class [com.theironyard.IronQuotesApplicationTests]: no resource found for suffixes {-context.xml, Context.groovy}.
17:18:16.678 [Test worker] DEBUG org.springframework.test.context.support.ActiveProfilesUtils - Could not find an 'annotation declaring class' for annotation type [org.springframework.test.context.ActiveProfiles] and class [com.theironyard.IronQuotesApplicationTests]
17:18:16.712 [Test worker] DEBUG org.springframework.test.context.web.WebTestContextBootstrapper - @TestExecutionListeners is not present for class [com.theironyard.IronQuotesApplicationTests]: using defaults.
17:18:16.758 [Test worker] INFO org.springframework.test.context.web.WebTestContextBootstrapper - Loaded default TestExecutionListener class names from location [META-INF/spring.factories]: [org.springframework.test.context.web.ServletTestExecutionListener, org.springframework.test.context.support.DirtiesContextBeforeModesTestExecutionListener, org.springframework.test.context.support.DependencyInjectionTestExecutionListener, org.springframework.test.context.support.DirtiesContextTestExecutionListener, org.springframework.test.context.transaction.TransactionalTestExecutionListener, org.springframework.test.context.jdbc.SqlScriptsTestExecutionListener]
17:18:16.831 [Test worker] INFO org.springframework.test.context.web.WebTestContextBootstrapper - Using TestExecutionListeners: [org.springframework.test.context.web.ServletTestExecutionListener@5c46409a, org.springframework.test.context.support.DirtiesContextBeforeModesTestExecutionListener@760c5269, org.springframework.test.context.support.DependencyInjectionTestExecutionListener@569292d, org.springframework.test.context.support.DirtiesContextTestExecutionListener@1889867f, org.springframework.test.context.transaction.TransactionalTestExecutionListener@76a55764, org.springframework.test.context.jdbc.SqlScriptsTestExecutionListener@62aedcc3]
17:18:16.846 [Test worker] DEBUG org.springframework.test.annotation.ProfileValueUtils - Retrieved @ProfileValueSourceConfiguration [null] for test class [com.theironyard.IronQuotesApplicationTests]
17:18:16.847 [Test worker] DEBUG org.springframework.test.annotation.ProfileValueUtils - Retrieved ProfileValueSource type [class org.springframework.test.annotation.SystemProfileValueSource] for class [com.theironyard.IronQuotesApplicationTests]
17:18:16.850 [Test worker] DEBUG org.springframework.test.annotation.ProfileValueUtils - Retrieved @ProfileValueSourceConfiguration [null] for test class [com.theironyard.IronQuotesApplicationTests]
17:18:16.851 [Test worker] DEBUG org.springframework.test.annotation.ProfileValueUtils - Retrieved ProfileValueSource type [class org.springframework.test.annotation.SystemProfileValueSource] for class [com.theironyard.IronQuotesApplicationTests]
17:18:16.863 [Test worker] DEBUG org.springframework.test.context.support.AbstractDirtiesContextTestExecutionListener - Before test class: context [DefaultTestContext@4bf96d06 testClass = IronQuotesApplicationTests, testInstance = [null], testMethod = [null], testException = [null], mergedContextConfiguration = [WebMergedContextConfiguration@19f309d1 testClass = IronQuotesApplicationTests, locations = '{}', classes = '{class com.theironyard.IronQuotesApplication}', contextInitializerClasses = '[]', activeProfiles = '{}', propertySourceLocations = '{}', propertySourceProperties = '{}', resourceBasePath = 'src/main/webapp', contextLoader = 'org.springframework.boot.test.SpringApplicationContextLoader', parent = [null]]], class annotated with @DirtiesContext [false] with mode [null].
17:18:16.864 [Test worker] DEBUG org.springframework.test.annotation.ProfileValueUtils - Retrieved @ProfileValueSourceConfiguration [null] for test class [com.theironyard.IronQuotesApplicationTests]
17:18:16.867 [Test worker] DEBUG org.springframework.test.annotation.ProfileValueUtils - Retrieved ProfileValueSource type [class org.springframework.test.annotation.SystemProfileValueSource] for class [com.theironyard.IronQuotesApplicationTests]
17:18:17.064 [Test worker] DEBUG org.springframework.core.env.StandardEnvironment - Adding [systemProperties] PropertySource with lowest search precedence
17:18:17.067 [Test worker] DEBUG org.springframework.core.env.StandardEnvironment - Adding [systemEnvironment] PropertySource with lowest search precedence
17:18:17.068 [Test worker] DEBUG org.springframework.core.env.StandardEnvironment - Initialized StandardEnvironment with PropertySources [systemProperties,systemEnvironment]
17:18:17.070 [Test worker] DEBUG org.springframework.core.env.StandardEnvironment - Adding [integrationTest] PropertySource with search precedence immediately lower than [systemEnvironment]

  .   ____          _            __ _ _
 /\\ / ___'_ __ _ _(_)_ __  __ _ \ \ \ \
( ( )\___ | '_ | '_| | '_ \/ _` | \ \ \ \
 \\/  ___)| |_)| | | | | || (_| |  ) ) ) )
  '  |____| .__|_| |_|_| |_\__, | / / / /
 =========|_|==============|___/=/_/_/_/
 :: Spring Boot ::        (v1.3.6.RELEASE)

2016-08-02 17:18:18.007  INFO 24376 --- [    Test worker] c.t.IronQuotesApplicationTests           : Starting IronQuotesApplicationTests on Eduardos-MacBook-Pro.local with PID 24376 (/Users/EddyJ/sandbox/iron-quotes-part-2/build/classes/test started by EddyJ in /Users/EddyJ/sandbox/iron-quotes-part-2)
2016-08-02 17:18:18.009  INFO 24376 --- [    Test worker] c.t.IronQuotesApplicationTests           : No active profile set, falling back to default profiles: default
2016-08-02 17:18:18.219  INFO 24376 --- [    Test worker] o.s.w.c.s.GenericWebApplicationContext   : Refreshing org.springframework.web.context.support.GenericWebApplicationContext@794bd2b2: startup date [Tue Aug 02 17:18:18 PDT 2016]; root of context hierarchy
2016-08-02 17:18:20.941  INFO 24376 --- [    Test worker] trationDelegate$BeanPostProcessorChecker : Bean 'org.springframework.transaction.annotation.ProxyTransactionManagementConfiguration' of type [class org.springframework.transaction.annotation.ProxyTransactionManagementConfiguration$$EnhancerBySpringCGLIB$$7f10eb97] is not eligible for getting processed by all BeanPostProcessors (for example: not eligible for auto-proxying)
2016-08-02 17:18:22.079  INFO 24376 --- [    Test worker] j.LocalContainerEntityManagerFactoryBean : Building JPA container EntityManagerFactory for persistence unit 'default'
2016-08-02 17:18:22.110  INFO 24376 --- [    Test worker] o.hibernate.jpa.internal.util.LogHelper  : HHH000204: Processing PersistenceUnitInfo [
	name: default
	...]
2016-08-02 17:18:22.201  INFO 24376 --- [    Test worker] org.hibernate.Version                    : HHH000412: Hibernate Core {4.3.11.Final}
2016-08-02 17:18:22.203  INFO 24376 --- [    Test worker] org.hibernate.cfg.Environment            : HHH000206: hibernate.properties not found
2016-08-02 17:18:22.206  INFO 24376 --- [    Test worker] org.hibernate.cfg.Environment            : HHH000021: Bytecode provider name : javassist
2016-08-02 17:18:22.412  INFO 24376 --- [    Test worker] o.hibernate.annotations.common.Version   : HCANN000001: Hibernate Commons Annotations {4.0.5.Final}
2016-08-02 17:18:22.522  INFO 24376 --- [    Test worker] org.hibernate.dialect.Dialect            : HHH000400: Using dialect: org.hibernate.dialect.H2Dialect
2016-08-02 17:18:22.702  INFO 24376 --- [    Test worker] o.h.h.i.ast.ASTQueryTranslatorFactory    : HHH000397: Using ASTQueryTranslatorFactory
2016-08-02 17:18:23.163  INFO 24376 --- [    Test worker] org.hibernate.tool.hbm2ddl.SchemaExport  : HHH000227: Running hbm2ddl schema export
2016-08-02 17:18:23.194  INFO 24376 --- [    Test worker] org.hibernate.tool.hbm2ddl.SchemaExport  : HHH000230: Schema export complete
2016-08-02 17:18:24.129  INFO 24376 --- [    Test worker] s.w.s.m.m.a.RequestMappingHandlerAdapter : Looking for @ControllerAdvice: org.springframework.web.context.support.GenericWebApplicationContext@794bd2b2: startup date [Tue Aug 02 17:18:18 PDT 2016]; root of context hierarchy
2016-08-02 17:18:24.227  INFO 24376 --- [    Test worker] s.w.s.m.m.a.RequestMappingHandlerMapping : Mapped "{[/quotes/{id}],methods=[GET]}" onto public com.theironyard.entities.Quote com.theironyard.controllers.IronQuotesController.getQuote(java.lang.Integer)
2016-08-02 17:18:24.228  INFO 24376 --- [    Test worker] s.w.s.m.m.a.RequestMappingHandlerMapping : Mapped "{[/quotes],methods=[POST]}" onto public com.theironyard.entities.Quote com.theironyard.controllers.IronQuotesController.createQuote(java.lang.String,com.theironyard.entities.Quote)
2016-08-02 17:18:24.229  INFO 24376 --- [    Test worker] s.w.s.m.m.a.RequestMappingHandlerMapping : Mapped "{[/quotes],methods=[GET]}" onto public java.util.List<com.theironyard.entities.Quote> com.theironyard.controllers.IronQuotesController.getAllQuotes()
2016-08-02 17:18:24.229  INFO 24376 --- [    Test worker] s.w.s.m.m.a.RequestMappingHandlerMapping : Mapped "{[/quotes/{id}],methods=[PUT]}" onto public com.theironyard.entities.Quote com.theironyard.controllers.IronQuotesController.updateQuote(java.lang.String,java.lang.Integer,com.theironyard.commands.QuoteCommand)
2016-08-02 17:18:24.229  INFO 24376 --- [    Test worker] s.w.s.m.m.a.RequestMappingHandlerMapping : Mapped "{[/quotes/{id}],methods=[DELETE]}" onto public void com.theironyard.controllers.IronQuotesController.deleteQuote(java.lang.String,java.lang.Integer) throws java.lang.Exception
2016-08-02 17:18:24.230  INFO 24376 --- [    Test worker] s.w.s.m.m.a.RequestMappingHandlerMapping : Mapped "{[/tags],methods=[GET]}" onto public java.util.List<com.theironyard.entities.Tag> com.theironyard.controllers.IronQuotesController.getAllTag()
2016-08-02 17:18:24.230  INFO 24376 --- [    Test worker] s.w.s.m.m.a.RequestMappingHandlerMapping : Mapped "{[/tags/{id}],methods=[GET]}" onto public com.theironyard.entities.Tag com.theironyard.controllers.IronQuotesController.getTag(java.lang.Integer)
2016-08-02 17:18:24.230  INFO 24376 --- [    Test worker] s.w.s.m.m.a.RequestMappingHandlerMapping : Mapped "{[/quotes/{id}/tags],methods=[POST]}" onto public com.theironyard.entities.Tag com.theironyard.controllers.IronQuotesController.addTag(java.lang.String,java.lang.Integer,com.theironyard.commands.TagCommand)
2016-08-02 17:18:24.231  INFO 24376 --- [    Test worker] s.w.s.m.m.a.RequestMappingHandlerMapping : Mapped "{[/quotes/{quoteId}/tags/{tagId}],methods=[DELETE]}" onto public void com.theironyard.controllers.IronQuotesController.deleteTag(java.lang.String,java.lang.Integer,java.lang.Integer)
2016-08-02 17:18:24.231  INFO 24376 --- [    Test worker] s.w.s.m.m.a.RequestMappingHandlerMapping : Mapped "{[/quotes/{quoteId}/tags/{tagId}],methods=[PUT]}" onto public com.theironyard.entities.Tag com.theironyard.controllers.IronQuotesController.updateTag(java.lang.String,java.lang.Integer,java.lang.Integer,com.theironyard.commands.TagCommand)
2016-08-02 17:18:24.231  INFO 24376 --- [    Test worker] s.w.s.m.m.a.RequestMappingHandlerMapping : Mapped "{[/users],methods=[POST]}" onto public com.theironyard.entities.User com.theironyard.controllers.IronQuotesController.createUser(com.theironyard.commands.UserCommand) throws com.theironyard.utilities.PasswordStorage$CannotPerformOperationException
2016-08-02 17:18:24.232  INFO 24376 --- [    Test worker] s.w.s.m.m.a.RequestMappingHandlerMapping : Mapped "{[/token],methods=[POST]}" onto public java.util.Map com.theironyard.controllers.IronQuotesController.getToken(com.theironyard.commands.UserCommand) throws java.lang.Exception
2016-08-02 17:18:24.232  INFO 24376 --- [    Test worker] s.w.s.m.m.a.RequestMappingHandlerMapping : Mapped "{[/token/regenerate],methods=[PUT]}" onto public java.lang.String com.theironyard.controllers.IronQuotesController.regenerateToken(com.theironyard.commands.UserCommand) throws java.lang.Exception
2016-08-02 17:18:24.240  INFO 24376 --- [    Test worker] s.w.s.m.m.a.RequestMappingHandlerMapping : Mapped "{[/error]}" onto public org.springframework.http.ResponseEntity<java.util.Map<java.lang.String, java.lang.Object>> org.springframework.boot.autoconfigure.web.BasicErrorController.error(javax.servlet.http.HttpServletRequest)
2016-08-02 17:18:24.241  INFO 24376 --- [    Test worker] s.w.s.m.m.a.RequestMappingHandlerMapping : Mapped "{[/error],produces=[text/html]}" onto public org.springframework.web.servlet.ModelAndView org.springframework.boot.autoconfigure.web.BasicErrorController.errorHtml(javax.servlet.http.HttpServletRequest,javax.servlet.http.HttpServletResponse)
2016-08-02 17:18:24.272  INFO 24376 --- [    Test worker] o.s.w.s.handler.SimpleUrlHandlerMapping  : Mapped URL path [/webjars/**] onto handler of type [class org.springframework.web.servlet.resource.ResourceHttpRequestHandler]
2016-08-02 17:18:24.273  INFO 24376 --- [    Test worker] o.s.w.s.handler.SimpleUrlHandlerMapping  : Mapped URL path [/**] onto handler of type [class org.springframework.web.servlet.resource.ResourceHttpRequestHandler]
2016-08-02 17:18:24.320  INFO 24376 --- [    Test worker] o.s.w.s.handler.SimpleUrlHandlerMapping  : Mapped URL path [/**/favicon.ico] onto handler of type [class org.springframework.web.servlet.resource.ResourceHttpRequestHandler]
2016-08-02 17:18:24.767  INFO 24376 --- [    Test worker] c.t.IronQuotesApplicationTests           : Started IronQuotesApplicationTests in 7.679 seconds (JVM running for 10.174)
]]></system-out>
  <system-err><![CDATA[]]></system-err>
</testsuite>
